   1              	 .syntax unified
   2              	 .cpu cortex-m4
   3              	 .eabi_attribute 27,3
   4              	 .fpu fpv4-sp-d16
   5              	 .eabi_attribute 20,1
   6              	 .eabi_attribute 21,1
   7              	 .eabi_attribute 23,3
   8              	 .eabi_attribute 24,1
   9              	 .eabi_attribute 25,1
  10              	 .eabi_attribute 26,1
  11              	 .eabi_attribute 30,6
  12              	 .eabi_attribute 34,1
  13              	 .eabi_attribute 18,4
  14              	 .thumb
  15              	 .file "GUIConf.c"
  16              	 .text
  17              	.Ltext0:
  18              	 .cfi_sections .debug_frame
  19              	 .section .text.GUI_X_Config,"ax",%progbits
  20              	 .align 2
  21              	 .global GUI_X_Config
  22              	 .thumb
  23              	 .thumb_func
  25              	GUI_X_Config:
  26              	.LFB0:
  27              	 .file 1 "../Dave/Generated/GUI_SEGGERLIBRARY/Config/GUIConf.c"
   1:../Dave/Generated/GUI_SEGGERLIBRARY/Config/GUIConf.c **** /*********************************************************************
   2:../Dave/Generated/GUI_SEGGERLIBRARY/Config/GUIConf.c **** *                SEGGER Microcontroller GmbH & Co. KG                *
   3:../Dave/Generated/GUI_SEGGERLIBRARY/Config/GUIConf.c **** *        Solutions for real time microcontroller applications        *
   4:../Dave/Generated/GUI_SEGGERLIBRARY/Config/GUIConf.c **** **********************************************************************
   5:../Dave/Generated/GUI_SEGGERLIBRARY/Config/GUIConf.c **** *                                                                    *
   6:../Dave/Generated/GUI_SEGGERLIBRARY/Config/GUIConf.c **** *        (c) 1996 - 2015  SEGGER Microcontroller GmbH & Co. KG       *
   7:../Dave/Generated/GUI_SEGGERLIBRARY/Config/GUIConf.c **** *                                                                    *
   8:../Dave/Generated/GUI_SEGGERLIBRARY/Config/GUIConf.c **** *        Internet: www.segger.com    Support:  support@segger.com    *
   9:../Dave/Generated/GUI_SEGGERLIBRARY/Config/GUIConf.c **** *                                                                    *
  10:../Dave/Generated/GUI_SEGGERLIBRARY/Config/GUIConf.c **** **********************************************************************
  11:../Dave/Generated/GUI_SEGGERLIBRARY/Config/GUIConf.c **** 
  12:../Dave/Generated/GUI_SEGGERLIBRARY/Config/GUIConf.c **** ** emWin V5.30 - Graphical user interface for embedded applications **
  13:../Dave/Generated/GUI_SEGGERLIBRARY/Config/GUIConf.c **** All  Intellectual Property rights  in the Software  belongs to SEGGER.
  14:../Dave/Generated/GUI_SEGGERLIBRARY/Config/GUIConf.c **** emWin is protected by international copyright laws.
  15:../Dave/Generated/GUI_SEGGERLIBRARY/Config/GUIConf.c **** 
  16:../Dave/Generated/GUI_SEGGERLIBRARY/Config/GUIConf.c **** This  file  has been  licensed to  Infineon Technologies AG,  a german
  17:../Dave/Generated/GUI_SEGGERLIBRARY/Config/GUIConf.c **** company at the address Am Campeon 1-12 in 85579 Neubiberg, Germany and
  18:../Dave/Generated/GUI_SEGGERLIBRARY/Config/GUIConf.c **** is  sublicensed  and  distributed  by   Infineon  Technologies  AG  in
  19:../Dave/Generated/GUI_SEGGERLIBRARY/Config/GUIConf.c **** accordance with the DAVE (TM) 3 Software License Agreement to be used 
  20:../Dave/Generated/GUI_SEGGERLIBRARY/Config/GUIConf.c **** for and with Infineon's Cortex-M0, M0+ and M4 based 32-bit microcon-
  21:../Dave/Generated/GUI_SEGGERLIBRARY/Config/GUIConf.c **** troller products only.
  22:../Dave/Generated/GUI_SEGGERLIBRARY/Config/GUIConf.c **** 
  23:../Dave/Generated/GUI_SEGGERLIBRARY/Config/GUIConf.c **** Full source code is available at: www.segger.com
  24:../Dave/Generated/GUI_SEGGERLIBRARY/Config/GUIConf.c **** 
  25:../Dave/Generated/GUI_SEGGERLIBRARY/Config/GUIConf.c **** We appreciate your understanding and fairness.
  26:../Dave/Generated/GUI_SEGGERLIBRARY/Config/GUIConf.c **** ----------------------------------------------------------------------*/
  27:../Dave/Generated/GUI_SEGGERLIBRARY/Config/GUIConf.c **** /**
  28:../Dave/Generated/GUI_SEGGERLIBRARY/Config/GUIConf.c ****  * @cond
  29:../Dave/Generated/GUI_SEGGERLIBRARY/Config/GUIConf.c ****  **************************************************************************************************
  30:../Dave/Generated/GUI_SEGGERLIBRARY/Config/GUIConf.c ****  *
  31:../Dave/Generated/GUI_SEGGERLIBRARY/Config/GUIConf.c ****  * Copyright (c) 2015-2020, Infineon Technologies AG
  32:../Dave/Generated/GUI_SEGGERLIBRARY/Config/GUIConf.c ****  * All rights reserved.
  33:../Dave/Generated/GUI_SEGGERLIBRARY/Config/GUIConf.c ****  *
  34:../Dave/Generated/GUI_SEGGERLIBRARY/Config/GUIConf.c ****  * Redistribution and use in source and binary forms, with or without modification,are permitted pr
  35:../Dave/Generated/GUI_SEGGERLIBRARY/Config/GUIConf.c ****  * following conditions are met:
  36:../Dave/Generated/GUI_SEGGERLIBRARY/Config/GUIConf.c ****  *
  37:../Dave/Generated/GUI_SEGGERLIBRARY/Config/GUIConf.c ****  *   Redistributions of source code must retain the above copyright notice, this list of conditions
  38:../Dave/Generated/GUI_SEGGERLIBRARY/Config/GUIConf.c ****  *   disclaimer.
  39:../Dave/Generated/GUI_SEGGERLIBRARY/Config/GUIConf.c ****  *
  40:../Dave/Generated/GUI_SEGGERLIBRARY/Config/GUIConf.c ****  *   Redistributions in binary form must reproduce the above copyright notice, this list of conditi
  41:../Dave/Generated/GUI_SEGGERLIBRARY/Config/GUIConf.c ****  *   following disclaimer in the documentation and/or other materials provided with the distributio
  42:../Dave/Generated/GUI_SEGGERLIBRARY/Config/GUIConf.c ****  *
  43:../Dave/Generated/GUI_SEGGERLIBRARY/Config/GUIConf.c ****  *   Neither the name of the copyright holders nor the names of its contributors may be used to end
  44:../Dave/Generated/GUI_SEGGERLIBRARY/Config/GUIConf.c ****  *   products derived from this software without specific prior written permission.
  45:../Dave/Generated/GUI_SEGGERLIBRARY/Config/GUIConf.c ****  *
  46:../Dave/Generated/GUI_SEGGERLIBRARY/Config/GUIConf.c ****  * THIS SOFTWARE IS PROVIDED BY THE COPYRIGHT HOLDERS AND CONTRIBUTORS "AS IS" AND ANY EXPRESS OR I
  47:../Dave/Generated/GUI_SEGGERLIBRARY/Config/GUIConf.c ****  * INCLUDING, BUT NOT LIMITED TO, THE IMPLIED WARRANTIES OF MERCHANTABILITY AND FITNESS FOR A PARTI
  48:../Dave/Generated/GUI_SEGGERLIBRARY/Config/GUIConf.c ****  * DISCLAIMED. IN NO EVENT SHALL THE COPYRIGHT HOLDER OR CONTRIBUTORS BE LIABLE  FOR ANY DIRECT, IN
  49:../Dave/Generated/GUI_SEGGERLIBRARY/Config/GUIConf.c ****  * SPECIAL, EXEMPLARY, OR CONSEQUENTIAL DAMAGES (INCLUDING, BUT NOT LIMITED TO, PROCUREMENT OF SUBS
  50:../Dave/Generated/GUI_SEGGERLIBRARY/Config/GUIConf.c ****  * SERVICES; LOSS OF USE, DATA, OR PROFITS; OR BUSINESS INTERRUPTION) HOWEVER CAUSED AND ON ANY THE
  51:../Dave/Generated/GUI_SEGGERLIBRARY/Config/GUIConf.c ****  * WHETHER IN CONTRACT, STRICT LIABILITY,OR TORT (INCLUDING NEGLIGENCE OR OTHERWISE) ARISING IN ANY
  52:../Dave/Generated/GUI_SEGGERLIBRARY/Config/GUIConf.c ****  * USE OF THIS SOFTWARE, EVEN IF ADVISED OF THE POSSIBILITY OF SUCH DAMAGE.
  53:../Dave/Generated/GUI_SEGGERLIBRARY/Config/GUIConf.c ****  *
  54:../Dave/Generated/GUI_SEGGERLIBRARY/Config/GUIConf.c ****  * To improve the quality of the software, users are encouraged to share modifications, enhancement
  55:../Dave/Generated/GUI_SEGGERLIBRARY/Config/GUIConf.c ****  * with Infineon Technologies AG (dave@infineon.com).
  56:../Dave/Generated/GUI_SEGGERLIBRARY/Config/GUIConf.c ****  **************************************************************************************************
  57:../Dave/Generated/GUI_SEGGERLIBRARY/Config/GUIConf.c ****  *
  58:../Dave/Generated/GUI_SEGGERLIBRARY/Config/GUIConf.c ****  * Change History
  59:../Dave/Generated/GUI_SEGGERLIBRARY/Config/GUIConf.c ****  * --------------
  60:../Dave/Generated/GUI_SEGGERLIBRARY/Config/GUIConf.c ****  *
  61:../Dave/Generated/GUI_SEGGERLIBRARY/Config/GUIConf.c ****  * 2015-02-16:
  62:../Dave/Generated/GUI_SEGGERLIBRARY/Config/GUIConf.c ****  *     - Initial version<br>
  63:../Dave/Generated/GUI_SEGGERLIBRARY/Config/GUIConf.c ****  *
  64:../Dave/Generated/GUI_SEGGERLIBRARY/Config/GUIConf.c ****  * 2015-05-18:
  65:../Dave/Generated/GUI_SEGGERLIBRARY/Config/GUIConf.c ****  *     - GUI_X_Delay is modified
  66:../Dave/Generated/GUI_SEGGERLIBRARY/Config/GUIConf.c ****  * @endcond
  67:../Dave/Generated/GUI_SEGGERLIBRARY/Config/GUIConf.c ****  *
  68:../Dave/Generated/GUI_SEGGERLIBRARY/Config/GUIConf.c ****  */
  69:../Dave/Generated/GUI_SEGGERLIBRARY/Config/GUIConf.c **** /**************************************************************************************************
  70:../Dave/Generated/GUI_SEGGERLIBRARY/Config/GUIConf.c ****  * HEADER FILES
  71:../Dave/Generated/GUI_SEGGERLIBRARY/Config/GUIConf.c **** ***************************************************************************************************
  72:../Dave/Generated/GUI_SEGGERLIBRARY/Config/GUIConf.c **** #include "GUI.h"
  73:../Dave/Generated/GUI_SEGGERLIBRARY/Config/GUIConf.c **** #include "GUI_SEGGERLIBRARY/gui_seggerlibrary_conf.h"
  74:../Dave/Generated/GUI_SEGGERLIBRARY/Config/GUIConf.c **** /**************************************************************************************************
  75:../Dave/Generated/GUI_SEGGERLIBRARY/Config/GUIConf.c ****  * MACROS
  76:../Dave/Generated/GUI_SEGGERLIBRARY/Config/GUIConf.c ****  **************************************************************************************************
  77:../Dave/Generated/GUI_SEGGERLIBRARY/Config/GUIConf.c **** //
  78:../Dave/Generated/GUI_SEGGERLIBRARY/Config/GUIConf.c **** // Define the available number of bytes available for the GUI
  79:../Dave/Generated/GUI_SEGGERLIBRARY/Config/GUIConf.c **** //
  80:../Dave/Generated/GUI_SEGGERLIBRARY/Config/GUIConf.c **** 
  81:../Dave/Generated/GUI_SEGGERLIBRARY/Config/GUIConf.c **** #define GUI_NUMBYTES    CACHE_SIZE
  82:../Dave/Generated/GUI_SEGGERLIBRARY/Config/GUIConf.c **** 
  83:../Dave/Generated/GUI_SEGGERLIBRARY/Config/GUIConf.c **** //
  84:../Dave/Generated/GUI_SEGGERLIBRARY/Config/GUIConf.c **** // Define the average block size
  85:../Dave/Generated/GUI_SEGGERLIBRARY/Config/GUIConf.c **** //
  86:../Dave/Generated/GUI_SEGGERLIBRARY/Config/GUIConf.c **** #define GUI_BLOCKSIZE   0x80
  87:../Dave/Generated/GUI_SEGGERLIBRARY/Config/GUIConf.c **** 
  88:../Dave/Generated/GUI_SEGGERLIBRARY/Config/GUIConf.c **** /**************************************************************************************************
  89:../Dave/Generated/GUI_SEGGERLIBRARY/Config/GUIConf.c ****  * LOCAL DATA
  90:../Dave/Generated/GUI_SEGGERLIBRARY/Config/GUIConf.c ****  **************************************************************************************************
  91:../Dave/Generated/GUI_SEGGERLIBRARY/Config/GUIConf.c **** 
  92:../Dave/Generated/GUI_SEGGERLIBRARY/Config/GUIConf.c **** /**************************************************************************************************
  93:../Dave/Generated/GUI_SEGGERLIBRARY/Config/GUIConf.c ****  * LOCAL ROUTINES
  94:../Dave/Generated/GUI_SEGGERLIBRARY/Config/GUIConf.c ****  **************************************************************************************************
  95:../Dave/Generated/GUI_SEGGERLIBRARY/Config/GUIConf.c **** 
  96:../Dave/Generated/GUI_SEGGERLIBRARY/Config/GUIConf.c **** /*********************************************************************
  97:../Dave/Generated/GUI_SEGGERLIBRARY/Config/GUIConf.c **** *
  98:../Dave/Generated/GUI_SEGGERLIBRARY/Config/GUIConf.c **** *       GUI_X_Config
  99:../Dave/Generated/GUI_SEGGERLIBRARY/Config/GUIConf.c **** *
 100:../Dave/Generated/GUI_SEGGERLIBRARY/Config/GUIConf.c **** * Purpose:
 101:../Dave/Generated/GUI_SEGGERLIBRARY/Config/GUIConf.c **** *   Called during the initialization process in order to set up the
 102:../Dave/Generated/GUI_SEGGERLIBRARY/Config/GUIConf.c **** *   available memory for the GUI.
 103:../Dave/Generated/GUI_SEGGERLIBRARY/Config/GUIConf.c **** */
 104:../Dave/Generated/GUI_SEGGERLIBRARY/Config/GUIConf.c **** void GUI_X_Config(void) {
  28              	 .loc 1 104 0
  29              	 .cfi_startproc
  30              	 
  31              	 
  32 0000 80B5     	 push {r7,lr}
  33              	.LCFI0:
  34              	 .cfi_def_cfa_offset 8
  35              	 .cfi_offset 7,-8
  36              	 .cfi_offset 14,-4
  37 0002 00AF     	 add r7,sp,#0
  38              	.LCFI1:
  39              	 .cfi_def_cfa_register 7
 105:../Dave/Generated/GUI_SEGGERLIBRARY/Config/GUIConf.c ****   //
 106:../Dave/Generated/GUI_SEGGERLIBRARY/Config/GUIConf.c ****   // 32 bit aligned memory area
 107:../Dave/Generated/GUI_SEGGERLIBRARY/Config/GUIConf.c ****   //
 108:../Dave/Generated/GUI_SEGGERLIBRARY/Config/GUIConf.c **** #ifdef DEFAULT_DATA_SECTION
 109:../Dave/Generated/GUI_SEGGERLIBRARY/Config/GUIConf.c ****   static U32 aMemory[GUI_NUMBYTES / 4];
 110:../Dave/Generated/GUI_SEGGERLIBRARY/Config/GUIConf.c **** #endif
 111:../Dave/Generated/GUI_SEGGERLIBRARY/Config/GUIConf.c **** 
 112:../Dave/Generated/GUI_SEGGERLIBRARY/Config/GUIConf.c **** #ifdef USER_DEFINED_SECTION
 113:../Dave/Generated/GUI_SEGGERLIBRARY/Config/GUIConf.c ****    static U32 aMemory[GUI_NUMBYTES / 4] __attribute__((section(".user_defined_section")));
 114:../Dave/Generated/GUI_SEGGERLIBRARY/Config/GUIConf.c **** #endif
 115:../Dave/Generated/GUI_SEGGERLIBRARY/Config/GUIConf.c ****   //
 116:../Dave/Generated/GUI_SEGGERLIBRARY/Config/GUIConf.c ****   // Assign memory to emWin
 117:../Dave/Generated/GUI_SEGGERLIBRARY/Config/GUIConf.c ****   //
 118:../Dave/Generated/GUI_SEGGERLIBRARY/Config/GUIConf.c ****   GUI_ALLOC_AssignMemory(aMemory, GUI_NUMBYTES);
  40              	 .loc 1 118 0
  41 0004 0548     	 ldr r0,.L2
  42 0006 4FF48051 	 mov r1,#4096
  43 000a FFF7FEFF 	 bl GUI_ALLOC_AssignMemory
 119:../Dave/Generated/GUI_SEGGERLIBRARY/Config/GUIConf.c ****   GUI_ALLOC_SetAvBlockSize(GUI_BLOCKSIZE);
  44              	 .loc 1 119 0
  45 000e 8020     	 movs r0,#128
  46 0010 FFF7FEFF 	 bl GUI_ALLOC_SetAvBlockSize
 120:../Dave/Generated/GUI_SEGGERLIBRARY/Config/GUIConf.c ****   //
 121:../Dave/Generated/GUI_SEGGERLIBRARY/Config/GUIConf.c ****   // Set default font
 122:../Dave/Generated/GUI_SEGGERLIBRARY/Config/GUIConf.c ****   //
 123:../Dave/Generated/GUI_SEGGERLIBRARY/Config/GUIConf.c ****   GUI_SetDefaultFont(GUI_FONT_6X8);
  47              	 .loc 1 123 0
  48 0014 0248     	 ldr r0,.L2+4
  49 0016 FFF7FEFF 	 bl GUI_SetDefaultFont
 124:../Dave/Generated/GUI_SEGGERLIBRARY/Config/GUIConf.c **** }
  50              	 .loc 1 124 0
  51 001a 80BD     	 pop {r7,pc}
  52              	.L3:
  53              	 .align 2
  54              	.L2:
  55 001c 00000000 	 .word aMemory.7568
  56 0020 00000000 	 .word GUI_Font6x8
  57              	 .cfi_endproc
  58              	.LFE0:
  60              	 .section .bss.aMemory.7568,"aw",%nobits
  61              	 .align 2
  64              	aMemory.7568:
  65 0000 00000000 	 .space 4096
  65      00000000 
  65      00000000 
  65      00000000 
  65      00000000 
  66              	 .text
  67              	.Letext0:
  68              	 .file 2 "c:\\dave_4-4-2_64bit_2018-02-23\\dave_4-4-2_64bit_2018-02-23\\dave-ide-4.4.2-64bit\\eclipse\\emwin\\start\\gui\\inc\\GUI_Type.h"
  69              	 .file 3 "c:\\dave_4-4-2_64bit_2018-02-23\\dave_4-4-2_64bit_2018-02-23\\dave-ide-4.4.2-64bit\\eclipse\\emwin\\start\\gui\\inc\\gui.h"
DEFINED SYMBOLS
                            *ABS*:00000000 GUIConf.c
    {standard input}:20     .text.GUI_X_Config:00000000 $t
    {standard input}:25     .text.GUI_X_Config:00000000 GUI_X_Config
    {standard input}:55     .text.GUI_X_Config:0000001c $d
    {standard input}:64     .bss.aMemory.7568:00000000 aMemory.7568
    {standard input}:61     .bss.aMemory.7568:00000000 $d
                     .debug_frame:00000010 $d

UNDEFINED SYMBOLS
GUI_ALLOC_AssignMemory
GUI_ALLOC_SetAvBlockSize
GUI_SetDefaultFont
GUI_Font6x8
