   1              	 .syntax unified
   2              	 .cpu cortex-m4
   3              	 .eabi_attribute 27,3
   4              	 .fpu fpv4-sp-d16
   5              	 .eabi_attribute 20,1
   6              	 .eabi_attribute 21,1
   7              	 .eabi_attribute 23,3
   8              	 .eabi_attribute 24,1
   9              	 .eabi_attribute 25,1
  10              	 .eabi_attribute 26,1
  11              	 .eabi_attribute 30,6
  12              	 .eabi_attribute 34,1
  13              	 .eabi_attribute 18,4
  14              	 .thumb
  15              	 .file "DAVE.c"
  16              	 .text
  17              	.Ltext0:
  18              	 .cfi_sections .debug_frame
  19              	 .section .text.DAVE_Init,"ax",%progbits
  20              	 .align 2
  21              	 .weak DAVE_Init
  22              	 .thumb
  23              	 .thumb_func
  25              	DAVE_Init:
  26              	.LFB360:
  27              	 .file 1 "../Dave/Generated/DAVE.c"
   1:../Dave/Generated/DAVE.c **** 
   2:../Dave/Generated/DAVE.c **** /**
   3:../Dave/Generated/DAVE.c ****  * @cond
   4:../Dave/Generated/DAVE.c ****  **************************************************************************************************
   5:../Dave/Generated/DAVE.c ****  *
   6:../Dave/Generated/DAVE.c ****  * Copyright (c) 2015-2020, Infineon Technologies AG
   7:../Dave/Generated/DAVE.c ****  * All rights reserved.
   8:../Dave/Generated/DAVE.c ****  *
   9:../Dave/Generated/DAVE.c ****  * Redistribution and use in source and binary forms, with or without modification,are permitted pr
  10:../Dave/Generated/DAVE.c ****  * following conditions are met:
  11:../Dave/Generated/DAVE.c ****  *
  12:../Dave/Generated/DAVE.c ****  *   Redistributions of source code must retain the above copyright notice, this list of conditions
  13:../Dave/Generated/DAVE.c ****  *   disclaimer.
  14:../Dave/Generated/DAVE.c ****  *
  15:../Dave/Generated/DAVE.c ****  *   Redistributions in binary form must reproduce the above copyright notice, this list of conditi
  16:../Dave/Generated/DAVE.c ****  *   following disclaimer in the documentation and/or other materials provided with the distributio
  17:../Dave/Generated/DAVE.c ****  *
  18:../Dave/Generated/DAVE.c ****  *   Neither the name of the copyright holders nor the names of its contributors may be used to end
  19:../Dave/Generated/DAVE.c ****  *   products derived from this software without specific prior written permission.
  20:../Dave/Generated/DAVE.c ****  *
  21:../Dave/Generated/DAVE.c ****  * THIS SOFTWARE IS PROVIDED BY THE COPYRIGHT HOLDERS AND CONTRIBUTORS "AS IS" AND ANY EXPRESS OR I
  22:../Dave/Generated/DAVE.c ****  * INCLUDING, BUT NOT LIMITED TO, THE IMPLIED WARRANTIES OF MERCHANTABILITY AND FITNESS FOR A PARTI
  23:../Dave/Generated/DAVE.c ****  * DISCLAIMED. IN NO EVENT SHALL THE COPYRIGHT HOLDER OR CONTRIBUTORS BE LIABLE  FOR ANY DIRECT, IN
  24:../Dave/Generated/DAVE.c ****  * SPECIAL, EXEMPLARY, OR CONSEQUENTIAL DAMAGES (INCLUDING, BUT NOT LIMITED TO, PROCUREMENT OF SUBS
  25:../Dave/Generated/DAVE.c ****  * SERVICES; LOSS OF USE, DATA, OR PROFITS; OR BUSINESS INTERRUPTION) HOWEVER CAUSED AND ON ANY THE
  26:../Dave/Generated/DAVE.c ****  * WHETHER IN CONTRACT, STRICT LIABILITY,OR TORT (INCLUDING NEGLIGENCE OR OTHERWISE) ARISING IN ANY
  27:../Dave/Generated/DAVE.c ****  * USE OF THIS SOFTWARE, EVEN IF ADVISED OF THE POSSIBILITY OF SUCH DAMAGE.
  28:../Dave/Generated/DAVE.c ****  *
  29:../Dave/Generated/DAVE.c ****  * To improve the quality of the software, users are encouraged to share modifications, enhancement
  30:../Dave/Generated/DAVE.c ****  * with Infineon Technologies AG (dave@infineon.com).
  31:../Dave/Generated/DAVE.c ****  **************************************************************************************************
  32:../Dave/Generated/DAVE.c ****  *
  33:../Dave/Generated/DAVE.c ****  * Change History
  34:../Dave/Generated/DAVE.c ****  * --------------
  35:../Dave/Generated/DAVE.c ****  *
  36:../Dave/Generated/DAVE.c ****  * 2014-06-16:
  37:../Dave/Generated/DAVE.c ****  *     - Initial version<br>
  38:../Dave/Generated/DAVE.c ****  * 2015-08-28:
  39:../Dave/Generated/DAVE.c ****  *     - Added CLOCK_XMC1_Init conditionally
  40:../Dave/Generated/DAVE.c ****  * 2018-08-08:
  41:../Dave/Generated/DAVE.c ****  *     - Add creation of projectData.bak file
  42:../Dave/Generated/DAVE.c ****  * 2019-01-30:
  43:../Dave/Generated/DAVE.c ****  *     - Fix creation of projectData.bak file
  44:../Dave/Generated/DAVE.c ****  * 2019-04-29:
  45:../Dave/Generated/DAVE.c ****  *     - Make DAVE_Init() weak, the user can reimplement the function
  46:../Dave/Generated/DAVE.c ****  *
  47:../Dave/Generated/DAVE.c ****  * @endcond
  48:../Dave/Generated/DAVE.c ****  *
  49:../Dave/Generated/DAVE.c ****  */
  50:../Dave/Generated/DAVE.c **** 
  51:../Dave/Generated/DAVE.c **** /**************************************************************************************************
  52:../Dave/Generated/DAVE.c ****  * HEADER FILES
  53:../Dave/Generated/DAVE.c ****  **************************************************************************************************
  54:../Dave/Generated/DAVE.c **** #include "DAVE.h"
  55:../Dave/Generated/DAVE.c **** 
  56:../Dave/Generated/DAVE.c **** /**************************************************************************************************
  57:../Dave/Generated/DAVE.c ****  * API IMPLEMENTATION
  58:../Dave/Generated/DAVE.c ****  **************************************************************************************************
  59:../Dave/Generated/DAVE.c **** 
  60:../Dave/Generated/DAVE.c **** /*******************************************************************************
  61:../Dave/Generated/DAVE.c ****  * @brief This function initializes the APPs Init Functions.
  62:../Dave/Generated/DAVE.c ****  *
  63:../Dave/Generated/DAVE.c ****  * @param[in]  None
  64:../Dave/Generated/DAVE.c ****  *
  65:../Dave/Generated/DAVE.c ****  * @return  DAVE_STATUS_t <BR>
  66:../Dave/Generated/DAVE.c ****  ******************************************************************************/
  67:../Dave/Generated/DAVE.c **** __WEAK DAVE_STATUS_t DAVE_Init(void)
  68:../Dave/Generated/DAVE.c **** {
  28              	 .loc 1 68 0
  29              	 .cfi_startproc
  30              	 
  31              	 
  32 0000 80B5     	 push {r7,lr}
  33              	.LCFI0:
  34              	 .cfi_def_cfa_offset 8
  35              	 .cfi_offset 7,-8
  36              	 .cfi_offset 14,-4
  37 0002 82B0     	 sub sp,sp,#8
  38              	.LCFI1:
  39              	 .cfi_def_cfa_offset 16
  40 0004 00AF     	 add r7,sp,#0
  41              	.LCFI2:
  42              	 .cfi_def_cfa_register 7
  69:../Dave/Generated/DAVE.c ****   DAVE_STATUS_t init_status;
  70:../Dave/Generated/DAVE.c ****   
  71:../Dave/Generated/DAVE.c ****   init_status = DAVE_STATUS_SUCCESS;
  43              	 .loc 1 71 0
  44 0006 0023     	 movs r3,#0
  45 0008 FB71     	 strb r3,[r7,#7]
  72:../Dave/Generated/DAVE.c ****      /** @Initialization of APPs Init Functions */
  73:../Dave/Generated/DAVE.c ****      init_status = (DAVE_STATUS_t)CLOCK_XMC4_Init(&CLOCK_XMC4_0);
  46              	 .loc 1 73 0
  47 000a 1148     	 ldr r0,.L6
  48 000c FFF7FEFF 	 bl CLOCK_XMC4_Init
  49 0010 0346     	 mov r3,r0
  50 0012 FB71     	 strb r3,[r7,#7]
  74:../Dave/Generated/DAVE.c **** 
  75:../Dave/Generated/DAVE.c ****   if (init_status == DAVE_STATUS_SUCCESS)
  51              	 .loc 1 75 0
  52 0014 FB79     	 ldrb r3,[r7,#7]
  53 0016 002B     	 cmp r3,#0
  54 0018 04D1     	 bne .L2
  76:../Dave/Generated/DAVE.c ****   {
  77:../Dave/Generated/DAVE.c **** 	 /**  Initialization of GUI_SEGGERLIBRARY APP instance GUI_SEGGERLIBRARY_0 */
  78:../Dave/Generated/DAVE.c **** 	 init_status = (DAVE_STATUS_t)GUI_SEGGERLIBRARY_Init(&GUI_SEGGERLIBRARY_0); 
  55              	 .loc 1 78 0
  56 001a 0E48     	 ldr r0,.L6+4
  57 001c FFF7FEFF 	 bl GUI_SEGGERLIBRARY_Init
  58 0020 0346     	 mov r3,r0
  59 0022 FB71     	 strb r3,[r7,#7]
  60              	.L2:
  79:../Dave/Generated/DAVE.c ****    } 
  80:../Dave/Generated/DAVE.c ****   if (init_status == DAVE_STATUS_SUCCESS)
  61              	 .loc 1 80 0
  62 0024 FB79     	 ldrb r3,[r7,#7]
  63 0026 002B     	 cmp r3,#0
  64 0028 04D1     	 bne .L3
  81:../Dave/Generated/DAVE.c ****   {
  82:../Dave/Generated/DAVE.c **** 	 /**  Initialization of TIMER APP instance TIMER_0 */
  83:../Dave/Generated/DAVE.c **** 	 init_status = (DAVE_STATUS_t)TIMER_Init(&TIMER_0); 
  65              	 .loc 1 83 0
  66 002a 0B48     	 ldr r0,.L6+8
  67 002c FFF7FEFF 	 bl TIMER_Init
  68 0030 0346     	 mov r3,r0
  69 0032 FB71     	 strb r3,[r7,#7]
  70              	.L3:
  84:../Dave/Generated/DAVE.c ****    } 
  85:../Dave/Generated/DAVE.c ****   if (init_status == DAVE_STATUS_SUCCESS)
  71              	 .loc 1 85 0
  72 0034 FB79     	 ldrb r3,[r7,#7]
  73 0036 002B     	 cmp r3,#0
  74 0038 04D1     	 bne .L4
  86:../Dave/Generated/DAVE.c ****   {
  87:../Dave/Generated/DAVE.c **** 	 /**  Initialization of INTERRUPT APP instance INTERRUPT_0 */
  88:../Dave/Generated/DAVE.c **** 	 init_status = (DAVE_STATUS_t)INTERRUPT_Init(&INTERRUPT_0); 
  75              	 .loc 1 88 0
  76 003a 0848     	 ldr r0,.L6+12
  77 003c FFF7FEFF 	 bl INTERRUPT_Init
  78 0040 0346     	 mov r3,r0
  79 0042 FB71     	 strb r3,[r7,#7]
  80              	.L4:
  89:../Dave/Generated/DAVE.c ****    }  
  90:../Dave/Generated/DAVE.c ****   return init_status;
  81              	 .loc 1 90 0
  82 0044 FB79     	 ldrb r3,[r7,#7]
  91:../Dave/Generated/DAVE.c **** } /**  End of function DAVE_Init */
  83              	 .loc 1 91 0
  84 0046 1846     	 mov r0,r3
  85 0048 0837     	 adds r7,r7,#8
  86              	.LCFI3:
  87              	 .cfi_def_cfa_offset 8
  88 004a BD46     	 mov sp,r7
  89              	.LCFI4:
  90              	 .cfi_def_cfa_register 13
  91              	 
  92 004c 80BD     	 pop {r7,pc}
  93              	.L7:
  94 004e 00BF     	 .align 2
  95              	.L6:
  96 0050 00000000 	 .word CLOCK_XMC4_0
  97 0054 00000000 	 .word GUI_SEGGERLIBRARY_0
  98 0058 00000000 	 .word TIMER_0
  99 005c 00000000 	 .word INTERRUPT_0
 100              	 .cfi_endproc
 101              	.LFE360:
 103              	 .text
 104              	.Letext0:
 105              	 .file 2 "c:\\dave_4-4-2_64bit_2018-02-23\\dave_4-4-2_64bit_2018-02-23\\dave-ide-4.4.2-64bit\\eclipse\\arm-gcc-49\\arm-none-eabi\\include\\machine\\_default_types.h"
 106              	 .file 3 "c:\\dave_4-4-2_64bit_2018-02-23\\dave_4-4-2_64bit_2018-02-23\\dave-ide-4.4.2-64bit\\eclipse\\arm-gcc-49\\arm-none-eabi\\include\\stdint.h"
 107              	 .file 4 "C:/Users/RGoncalves/Documents/GitHub/uControllers/XMC_Relax_Kit_Projects/APPs_Implementation_Examples/xmc4200_platform2go/NewHavenDisplay/Libraries/CMSIS/Infineon/XMC4200_series/Include/XMC4200.h"
 108              	 .file 5 "C:/Users/RGoncalves/Documents/GitHub/uControllers/XMC_Relax_Kit_Projects/APPs_Implementation_Examples/xmc4200_platform2go/NewHavenDisplay/Libraries/XMCLib/inc/xmc4_scu.h"
 109              	 .file 6 "C:/Users/RGoncalves/Documents/GitHub/uControllers/XMC_Relax_Kit_Projects/APPs_Implementation_Examples/xmc4200_platform2go/NewHavenDisplay/Libraries/XMCLib/inc/xmc_gpio.h"
 110              	 .file 7 "C:/Users/RGoncalves/Documents/GitHub/uControllers/XMC_Relax_Kit_Projects/APPs_Implementation_Examples/xmc4200_platform2go/NewHavenDisplay/Libraries/XMCLib/inc/xmc4_gpio.h"
 111              	 .file 8 "../Dave/Generated/CLOCK_XMC4/clock_xmc4.h"
 112              	 .file 9 "../Dave/Generated/SYSTIMER/systimer.h"
 113              	 .file 10 "C:/Users/RGoncalves/Documents/GitHub/uControllers/XMC_Relax_Kit_Projects/APPs_Implementation_Examples/xmc4200_platform2go/NewHavenDisplay/Libraries/XMCLib/inc/xmc_usic.h"
 114              	 .file 11 "C:/Users/RGoncalves/Documents/GitHub/uControllers/XMC_Relax_Kit_Projects/APPs_Implementation_Examples/xmc4200_platform2go/NewHavenDisplay/Libraries/XMCLib/inc/xmc_spi.h"
 115              	 .file 12 "../Dave/Generated/SPI_MASTER/spi_master.h"
 116              	 .file 13 "../Dave/Generated/GUI_SEGGERLIBRARY/gui_seggerlibrary.h"
 117              	 .file 14 "C:/Users/RGoncalves/Documents/GitHub/uControllers/XMC_Relax_Kit_Projects/APPs_Implementation_Examples/xmc4200_platform2go/NewHavenDisplay/Libraries/XMCLib/inc/xmc_ccu4.h"
 118              	 .file 15 "../Dave/Generated/GLOBAL_CCU4/global_ccu4.h"
 119              	 .file 16 "../Dave/Generated/TIMER/timer.h"
 120              	 .file 17 "../Dave/Generated/INTERRUPT/interrupt.h"
 121              	 .file 18 "../Dave/Generated/DAVE.h"
 122              	 .file 19 "C:/Users/RGoncalves/Documents/GitHub/uControllers/XMC_Relax_Kit_Projects/APPs_Implementation_Examples/xmc4200_platform2go/NewHavenDisplay/Libraries/CMSIS/Include/cmsis_gcc.h"
 123              	 .file 20 "C:/Users/RGoncalves/Documents/GitHub/uControllers/XMC_Relax_Kit_Projects/APPs_Implementation_Examples/xmc4200_platform2go/NewHavenDisplay/Libraries/CMSIS/Include/core_cm4.h"
 124              	 .file 21 "C:/Users/RGoncalves/Documents/GitHub/uControllers/XMC_Relax_Kit_Projects/APPs_Implementation_Examples/xmc4200_platform2go/NewHavenDisplay/Libraries/CMSIS/Infineon/XMC4200_series/Include/system_XMC4200.h"
 125              	 .file 22 "../Dave/Generated/CLOCK_XMC4/clock_xmc4_extern.h"
 126              	 .file 23 "../Dave/Generated/GUI_SEGGERLIBRARY/gui_seggerlibrary_extern.h"
 127              	 .file 24 "../Dave/Generated/TIMER/timer_extern.h"
 128              	 .file 25 "../Dave/Generated/INTERRUPT/interrupt_extern.h"
DEFINED SYMBOLS
                            *ABS*:00000000 DAVE.c
    {standard input}:20     .text.DAVE_Init:00000000 $t
    {standard input}:25     .text.DAVE_Init:00000000 DAVE_Init
    {standard input}:96     .text.DAVE_Init:00000050 $d
                     .debug_frame:00000010 $d

UNDEFINED SYMBOLS
CLOCK_XMC4_Init
GUI_SEGGERLIBRARY_Init
TIMER_Init
INTERRUPT_Init
CLOCK_XMC4_0
GUI_SEGGERLIBRARY_0
TIMER_0
INTERRUPT_0
