   1              	 .syntax unified
   2              	 .cpu cortex-m4
   3              	 .eabi_attribute 27,3
   4              	 .fpu fpv4-sp-d16
   5              	 .eabi_attribute 20,1
   6              	 .eabi_attribute 21,1
   7              	 .eabi_attribute 23,3
   8              	 .eabi_attribute 24,1
   9              	 .eabi_attribute 25,1
  10              	 .eabi_attribute 26,1
  11              	 .eabi_attribute 30,6
  12              	 .eabi_attribute 34,1
  13              	 .eabi_attribute 18,4
  14              	 .thumb
  15              	 .file "global_ccu4_conf.c"
  16              	 .text
  17              	.Ltext0:
  18              	 .cfi_sections .debug_frame
  19              	 .global GLOBAL_CCU4_0
  20              	 .section .data.GLOBAL_CCU4_0,"aw",%progbits
  21              	 .align 2
  24              	GLOBAL_CCU4_0:
  25 0000 00B4C404 	 .word 80000000
  26 0004 0200     	 .short 2
  27 0006 0000     	 .space 2
  28 0008 00000140 	 .word 1073807360
  29 000c 00       	 .byte 0
  30 000d 00       	 .byte 0
  31 000e 0000     	 .space 2
  32              	 .text
  33              	.Letext0:
  34              	 .file 1 "c:\\dave_4-4-2_64bit_2018-02-23\\dave_4-4-2_64bit_2018-02-23\\dave-ide-4.4.2-64bit\\eclipse\\arm-gcc-49\\arm-none-eabi\\include\\machine\\_default_types.h"
  35              	 .file 2 "c:\\dave_4-4-2_64bit_2018-02-23\\dave_4-4-2_64bit_2018-02-23\\dave-ide-4.4.2-64bit\\eclipse\\arm-gcc-49\\arm-none-eabi\\include\\stdint.h"
  36              	 .file 3 "C:/Users/RGoncalves/Documents/GitHub/uControllers/XMC_Relax_Kit_Projects/APPs_Implementation_Examples/xmc4200_platform2go/NewHavenDisplay/Libraries/CMSIS/Infineon/XMC4200_series/Include/XMC4200.h"
  37              	 .file 4 "C:/Users/RGoncalves/Documents/GitHub/uControllers/XMC_Relax_Kit_Projects/APPs_Implementation_Examples/xmc4200_platform2go/NewHavenDisplay/Libraries/XMCLib/inc/xmc_ccu4.h"
  38              	 .file 5 "C:/Users/RGoncalves/Documents/GitHub/uControllers/XMC_Relax_Kit_Projects/APPs_Implementation_Examples/xmc4200_platform2go/NewHavenDisplay/Libraries/XMCLib/inc/xmc4_scu.h"
  39              	 .file 6 "../Dave/Generated/GLOBAL_CCU4/global_ccu4.h"
  40              	 .file 7 "C:/Users/RGoncalves/Documents/GitHub/uControllers/XMC_Relax_Kit_Projects/APPs_Implementation_Examples/xmc4200_platform2go/NewHavenDisplay/Libraries/CMSIS/Include/cmsis_gcc.h"
  41              	 .file 8 "C:/Users/RGoncalves/Documents/GitHub/uControllers/XMC_Relax_Kit_Projects/APPs_Implementation_Examples/xmc4200_platform2go/NewHavenDisplay/Libraries/CMSIS/Include/core_cm4.h"
  42              	 .file 9 "C:/Users/RGoncalves/Documents/GitHub/uControllers/XMC_Relax_Kit_Projects/APPs_Implementation_Examples/xmc4200_platform2go/NewHavenDisplay/Libraries/CMSIS/Infineon/XMC4200_series/Include/system_XMC4200.h"
  43              	 .file 10 "../Dave/Generated/GLOBAL_CCU4/global_ccu4_conf.c"
DEFINED SYMBOLS
                            *ABS*:00000000 global_ccu4_conf.c
    {standard input}:24     .data.GLOBAL_CCU4_0:00000000 GLOBAL_CCU4_0
    {standard input}:21     .data.GLOBAL_CCU4_0:00000000 $d

NO UNDEFINED SYMBOLS
