   1              	 .syntax unified
   2              	 .cpu cortex-m4
   3              	 .eabi_attribute 27,3
   4              	 .fpu fpv4-sp-d16
   5              	 .eabi_attribute 20,1
   6              	 .eabi_attribute 21,1
   7              	 .eabi_attribute 23,3
   8              	 .eabi_attribute 24,1
   9              	 .eabi_attribute 25,1
  10              	 .eabi_attribute 26,1
  11              	 .eabi_attribute 30,6
  12              	 .eabi_attribute 34,1
  13              	 .eabi_attribute 18,4
  14              	 .thumb
  15              	 .file "pin_interrupt_conf.c"
  16              	 .text
  17              	.Ltext0:
  18              	 .cfi_sections .debug_frame
  19              	 .global PIN_INTERRUPT_0
  20              	 .section .rodata.PIN_INTERRUPT_0,"a",%progbits
  21              	 .align 2
  24              	PIN_INTERRUPT_0:
  25 0000 00400440 	 .word 1074020352
  26 0004 00820248 	 .word 1208123904
  27 0008 00       	 .byte 0
  28 0009 00000000 	 .space 11
  28      00000000 
  28      000000
  29 0014 00       	 .byte 0
  30 0015 000000   	 .space 3
  31 0018 05       	 .byte 5
  32 0019 01       	 .byte 1
  33 001a 0000     	 .space 2
  34 001c 05       	 .byte 5
  35 001d 3F       	 .byte 63
  36 001e 00       	 .byte 0
  37 001f 01       	 .byte 1
  38 0020 00       	 .byte 0
  39 0021 07       	 .byte 7
  40 0022 01       	 .byte 1
  41 0023 00       	 .space 1
  42              	 .text
  43              	.Letext0:
  44              	 .file 1 "c:\\dave_4-4-2_64bit_2018-02-23\\dave_4-4-2_64bit_2018-02-23\\dave-ide-4.4.2-64bit\\eclipse\\arm-gcc-49\\arm-none-eabi\\include\\machine\\_default_types.h"
  45              	 .file 2 "c:\\dave_4-4-2_64bit_2018-02-23\\dave_4-4-2_64bit_2018-02-23\\dave-ide-4.4.2-64bit\\eclipse\\arm-gcc-49\\arm-none-eabi\\include\\stdint.h"
  46              	 .file 3 "C:/Users/RGoncalves/Documents/GitHub/uControllers/XMC_Relax_Kit_Projects/APPs_Implementation_Examples/xmc4200_platform2go/UART_example/Libraries/CMSIS/Infineon/XMC4200_series/Include/XMC4200.h"
  47              	 .file 4 "C:/Users/RGoncalves/Documents/GitHub/uControllers/XMC_Relax_Kit_Projects/APPs_Implementation_Examples/xmc4200_platform2go/UART_example/Libraries/XMCLib/inc/xmc_gpio.h"
  48              	 .file 5 "C:/Users/RGoncalves/Documents/GitHub/uControllers/XMC_Relax_Kit_Projects/APPs_Implementation_Examples/xmc4200_platform2go/UART_example/Libraries/XMCLib/inc/xmc4_gpio.h"
  49              	 .file 6 "C:/Users/RGoncalves/Documents/GitHub/uControllers/XMC_Relax_Kit_Projects/APPs_Implementation_Examples/xmc4200_platform2go/UART_example/Libraries/XMCLib/inc/xmc_eru.h"
  50              	 .file 7 "../Dave/Generated/PIN_INTERRUPT/pin_interrupt.h"
  51              	 .file 8 "C:/Users/RGoncalves/Documents/GitHub/uControllers/XMC_Relax_Kit_Projects/APPs_Implementation_Examples/xmc4200_platform2go/UART_example/Libraries/CMSIS/Include/cmsis_gcc.h"
  52              	 .file 9 "C:/Users/RGoncalves/Documents/GitHub/uControllers/XMC_Relax_Kit_Projects/APPs_Implementation_Examples/xmc4200_platform2go/UART_example/Libraries/CMSIS/Include/core_cm4.h"
  53              	 .file 10 "C:/Users/RGoncalves/Documents/GitHub/uControllers/XMC_Relax_Kit_Projects/APPs_Implementation_Examples/xmc4200_platform2go/UART_example/Libraries/CMSIS/Infineon/XMC4200_series/Include/system_XMC4200.h"
  54              	 .file 11 "../Dave/Generated/PIN_INTERRUPT/pin_interrupt_conf.c"
DEFINED SYMBOLS
                            *ABS*:00000000 pin_interrupt_conf.c
    {standard input}:24     .rodata.PIN_INTERRUPT_0:00000000 PIN_INTERRUPT_0
    {standard input}:21     .rodata.PIN_INTERRUPT_0:00000000 $d

NO UNDEFINED SYMBOLS
